<?xml version="1.0" encoding="UTF-8"?>
<!-- Generated by org.testng.reporters.JUnitReportReporter -->
<testsuite hostname="X-IN-473BJR3" failures="0" tests="3" name="learning.tests.SubmitOrderTest" time="16.769" errors="0" timestamp="2024-10-23T21:16:01 IST" skipped="0">
  <testcase classname="learning.tests.SubmitOrderTest" name="SubmitOrder" time="7.050"/>
  <testcase classname="learning.tests.SubmitOrderTest" name="SubmitOrder" time="5.164"/>
  <testcase classname="learning.tests.SubmitOrderTest" name="OrderHistoryTest" time="4.555"/>
</testsuite> <!-- learning.tests.SubmitOrderTest -->
