<?xml version="1.0" encoding="UTF-8"?>
<!-- Generated by org.testng.reporters.JUnitReportReporter -->
<testsuite hostname="X-IN-473BJR3" failures="0" tests="2" name="learning.tests.SubmitOrderTest" time="13.224" errors="0" timestamp="2024-10-26T14:19:52 IST" skipped="0">
  <testcase classname="learning.tests.SubmitOrderTest" name="SubmitOrder" time="6.925"/>
  <testcase classname="learning.tests.SubmitOrderTest" name="SubmitOrder" time="6.299"/>
</testsuite> <!-- learning.tests.SubmitOrderTest -->
