<?xml version="1.0" encoding="UTF-8"?>
<!-- Generated by org.testng.reporters.JUnitReportReporter -->
<testsuite hostname="X-IN-473BJR3" failures="0" tests="1" name="cucumber.TestNGTestRunner" time="5.506" errors="0" timestamp="2024-10-28T16:41:22 IST" skipped="0">
  <testcase classname="cucumber.TestNGTestRunner" name="runScenario" time="5.506"/>
</testsuite> <!-- cucumber.TestNGTestRunner -->
